生成启动时间为 2016/10/12 14:42:20。
     1>项目“F:\20160427\Course\computer animation\CA2014\BVHPlayer-Framework\VS_Framework\BVHPlayer\BVHPlayer.vcxproj”在节点 2 上(build 个目标)。
     1>InitializeBuildStatus:
         正在创建“F:\20160427\Course\computer animation\CA2014\BVHPlayer-Framework\VS_Framework\Debug\BVHPlayer.unsuccessfulbuild”，因为已指定“AlwaysCreate”。
       CustomBuild:
         Moc'ing aboutdialog.h...
         Moc'ing glwidget.h...
         拒绝访问。
         Moc'ing graphicsscene.h...
         Moc'ing graphwidget.h...
         Moc'ing interpolationdialog.h...
         系统无法执行指定的程序。
         Moc'ing mainwindow.h...
         系统无法执行指定的程序。
         Moc'ing skeletondialog.h...
         Rcc'ing Resource.qrc...
       ClCompile:
         C:\Program Files (x86)\Microsoft Visual Studio 10.0\VC\bin\CL.exe /c /I.\GL /I.\GeneratedFiles /I..\QT\include /I.\GeneratedFiles\Debug /I..\QT\include\qtmain /I..\QT\include\QtCore /I..\QT\include\QtGui /I..\QT\include\QtOpenGL /I.\ /I..\GL /Zi /nologo /W1 /WX- /Od /Oy- /D UNICODE /D WIN32 /D QT_LARGEFILE_SUPPORT /D QT_CORE_LIB /D QT_GUI_LIB /D QT_OPENGL_LIB /Gm- /EHsc /MDd /GS /fp:precise /Zc:wchar_t- /Zc:forScope /Fo"F:\20160427\Course\computer animation\CA2014\BVHPlayer-Framework\VS_Framework\Debug\\" /Fd"F:\20160427\Course\computer animation\CA2014\BVHPlayer-Framework\VS_Framework\Debug\vc100.pdb" /Gd /TP /analyze- /errorReport:prompt aboutdialog.cpp Animation.cpp Camera.cpp edge.cpp glwidget.cpp graphicsscene.cpp graphwidget.cpp interpolationdialog.cpp main.cpp mainwindow.cpp node.cpp OpenGLViewer.cpp qgraphicsitem.cpp skeletondialog.cpp spline.cpp Transformation.cpp GeneratedFiles\Debug\moc_aboutdialog.cpp GeneratedFiles\Debug\moc_glwidget.cpp GeneratedFiles\Debug\moc_graphicsscene.cpp GeneratedFiles\Debug\moc_graphwidget.cpp GeneratedFiles\Debug\moc_interpolationdialog.cpp GeneratedFiles\Debug\moc_mainwindow.cpp GeneratedFiles\Debug\moc_skeletondialog.cpp
         aboutdialog.cpp
         Animation.cpp
         Camera.cpp
         edge.cpp
         glwidget.cpp
