H:\20140305\COURSE\COMPUTER ANIMATION\COMPUTER ANIMATION\BVHPLAYER-FRAMEWORK\VS_FRAMEWORK\BVHPLAYER\GENERATEDFILES\DEBUG\MOC_ABOUTDIALOG.CPP
H:\20140305\COURSE\COMPUTER ANIMATION\COMPUTER ANIMATION\BVHPLAYER-FRAMEWORK\VS_FRAMEWORK\BVHPLAYER\GENERATEDFILES\DEBUG\MOC_GLWIDGET.CPP
H:\20140305\COURSE\COMPUTER ANIMATION\COMPUTER ANIMATION\BVHPLAYER-FRAMEWORK\VS_FRAMEWORK\BVHPLAYER\GENERATEDFILES\DEBUG\MOC_GRAPHICSSCENE.CPP
H:\20140305\COURSE\COMPUTER ANIMATION\COMPUTER ANIMATION\BVHPLAYER-FRAMEWORK\VS_FRAMEWORK\BVHPLAYER\GENERATEDFILES\DEBUG\MOC_GRAPHWIDGET.CPP
H:\20140305\COURSE\COMPUTER ANIMATION\COMPUTER ANIMATION\BVHPLAYER-FRAMEWORK\VS_FRAMEWORK\BVHPLAYER\GENERATEDFILES\DEBUG\MOC_INTERPOLATIONDIALOG.CPP
H:\20140305\COURSE\COMPUTER ANIMATION\COMPUTER ANIMATION\BVHPLAYER-FRAMEWORK\VS_FRAMEWORK\BVHPLAYER\GENERATEDFILES\DEBUG\MOC_MAINWINDOW.CPP
H:\20140305\COURSE\COMPUTER ANIMATION\COMPUTER ANIMATION\BVHPLAYER-FRAMEWORK\VS_FRAMEWORK\BVHPLAYER\GENERATEDFILES\DEBUG\MOC_SKELETONDIALOG.CPP
H:\20140305\COURSE\COMPUTER ANIMATION\COMPUTER ANIMATION\BVHPLAYER-FRAMEWORK\VS_FRAMEWORK\BVHPLAYER\GENERATEDFILES\QRC_RESOURCE.CPP
H:\20140305\COURSE\COMPUTER ANIMATION\COMPUTER ANIMATION\BVHPLAYER-FRAMEWORK\VS_FRAMEWORK\DEBUG\ABOUTDIALOG.OBJ
H:\20140305\COURSE\COMPUTER ANIMATION\COMPUTER ANIMATION\BVHPLAYER-FRAMEWORK\VS_FRAMEWORK\DEBUG\ANIMATION.OBJ
H:\20140305\COURSE\COMPUTER ANIMATION\COMPUTER ANIMATION\BVHPLAYER-FRAMEWORK\VS_FRAMEWORK\DEBUG\BVHPLAYER.EXE
H:\20140305\COURSE\COMPUTER ANIMATION\COMPUTER ANIMATION\BVHPLAYER-FRAMEWORK\VS_FRAMEWORK\DEBUG\BVHPLAYER.EXE.INTERMEDIATE.MANIFEST
H:\20140305\COURSE\COMPUTER ANIMATION\COMPUTER ANIMATION\BVHPLAYER-FRAMEWORK\VS_FRAMEWORK\DEBUG\BVHPLAYER.ILK
H:\20140305\COURSE\COMPUTER ANIMATION\COMPUTER ANIMATION\BVHPLAYER-FRAMEWORK\VS_FRAMEWORK\DEBUG\BVHPLAYER.PDB
H:\20140305\Course\computer animation\Computer Animation\BVHPlayer-Framework\VS_Framework\Debug\BVHPlayer.write.1.tlog
H:\20140305\COURSE\COMPUTER ANIMATION\COMPUTER ANIMATION\BVHPLAYER-FRAMEWORK\VS_FRAMEWORK\DEBUG\CAMERA.OBJ
H:\20140305\Course\computer animation\Computer Animation\BVHPlayer-Framework\VS_Framework\Debug\cl.command.1.tlog
H:\20140305\Course\computer animation\Computer Animation\BVHPlayer-Framework\VS_Framework\Debug\CL.read.1.tlog
H:\20140305\Course\computer animation\Computer Animation\BVHPlayer-Framework\VS_Framework\Debug\CL.write.1.tlog
H:\20140305\Course\computer animation\Computer Animation\BVHPlayer-Framework\VS_Framework\Debug\custombuild.command.1.tlog
H:\20140305\Course\computer animation\Computer Animation\BVHPlayer-Framework\VS_Framework\Debug\custombuild.read.1.tlog
H:\20140305\Course\computer animation\Computer Animation\BVHPlayer-Framework\VS_Framework\Debug\custombuild.write.1.tlog
H:\20140305\COURSE\COMPUTER ANIMATION\COMPUTER ANIMATION\BVHPLAYER-FRAMEWORK\VS_FRAMEWORK\DEBUG\EDGE.OBJ
H:\20140305\COURSE\COMPUTER ANIMATION\COMPUTER ANIMATION\BVHPLAYER-FRAMEWORK\VS_FRAMEWORK\DEBUG\GLWIDGET.OBJ
H:\20140305\COURSE\COMPUTER ANIMATION\COMPUTER ANIMATION\BVHPLAYER-FRAMEWORK\VS_FRAMEWORK\DEBUG\GRAPHICSSCENE.OBJ
H:\20140305\COURSE\COMPUTER ANIMATION\COMPUTER ANIMATION\BVHPLAYER-FRAMEWORK\VS_FRAMEWORK\DEBUG\GRAPHWIDGET.OBJ
H:\20140305\COURSE\COMPUTER ANIMATION\COMPUTER ANIMATION\BVHPLAYER-FRAMEWORK\VS_FRAMEWORK\DEBUG\INTERPOLATIONDIALOG.OBJ
H:\20140305\Course\computer animation\Computer Animation\BVHPlayer-Framework\VS_Framework\Debug\link.command.1.tlog
H:\20140305\Course\computer animation\Computer Animation\BVHPlayer-Framework\VS_Framework\Debug\link.read.1.tlog
H:\20140305\Course\computer animation\Computer Animation\BVHPlayer-Framework\VS_Framework\Debug\link.read.2.tlog
H:\20140305\Course\computer animation\Computer Animation\BVHPlayer-Framework\VS_Framework\Debug\link.write.1.tlog
H:\20140305\COURSE\COMPUTER ANIMATION\COMPUTER ANIMATION\BVHPLAYER-FRAMEWORK\VS_FRAMEWORK\DEBUG\MAIN.OBJ
H:\20140305\COURSE\COMPUTER ANIMATION\COMPUTER ANIMATION\BVHPLAYER-FRAMEWORK\VS_FRAMEWORK\DEBUG\MAINWINDOW.OBJ
H:\20140305\COURSE\COMPUTER ANIMATION\COMPUTER ANIMATION\BVHPLAYER-FRAMEWORK\VS_FRAMEWORK\DEBUG\MOC_ABOUTDIALOG.OBJ
H:\20140305\COURSE\COMPUTER ANIMATION\COMPUTER ANIMATION\BVHPLAYER-FRAMEWORK\VS_FRAMEWORK\DEBUG\MOC_GLWIDGET.OBJ
H:\20140305\COURSE\COMPUTER ANIMATION\COMPUTER ANIMATION\BVHPLAYER-FRAMEWORK\VS_FRAMEWORK\DEBUG\MOC_GRAPHICSSCENE.OBJ
H:\20140305\COURSE\COMPUTER ANIMATION\COMPUTER ANIMATION\BVHPLAYER-FRAMEWORK\VS_FRAMEWORK\DEBUG\MOC_GRAPHWIDGET.OBJ
H:\20140305\COURSE\COMPUTER ANIMATION\COMPUTER ANIMATION\BVHPLAYER-FRAMEWORK\VS_FRAMEWORK\DEBUG\MOC_INTERPOLATIONDIALOG.OBJ
H:\20140305\COURSE\COMPUTER ANIMATION\COMPUTER ANIMATION\BVHPLAYER-FRAMEWORK\VS_FRAMEWORK\DEBUG\MOC_MAINWINDOW.OBJ
H:\20140305\COURSE\COMPUTER ANIMATION\COMPUTER ANIMATION\BVHPLAYER-FRAMEWORK\VS_FRAMEWORK\DEBUG\MOC_SKELETONDIALOG.OBJ
H:\20140305\Course\computer animation\Computer Animation\BVHPlayer-Framework\VS_Framework\Debug\mt.command.1.tlog
H:\20140305\Course\computer animation\Computer Animation\BVHPlayer-Framework\VS_Framework\Debug\mt.read.1.tlog
H:\20140305\Course\computer animation\Computer Animation\BVHPlayer-Framework\VS_Framework\Debug\mt.write.1.tlog
H:\20140305\COURSE\COMPUTER ANIMATION\COMPUTER ANIMATION\BVHPLAYER-FRAMEWORK\VS_FRAMEWORK\DEBUG\NODE.OBJ
H:\20140305\COURSE\COMPUTER ANIMATION\COMPUTER ANIMATION\BVHPLAYER-FRAMEWORK\VS_FRAMEWORK\DEBUG\OPENGLVIEWER.OBJ
H:\20140305\COURSE\COMPUTER ANIMATION\COMPUTER ANIMATION\BVHPLAYER-FRAMEWORK\VS_FRAMEWORK\DEBUG\QGRAPHICSITEM.OBJ
H:\20140305\COURSE\COMPUTER ANIMATION\COMPUTER ANIMATION\BVHPLAYER-FRAMEWORK\VS_FRAMEWORK\DEBUG\QRC_RESOURCE.OBJ
H:\20140305\COURSE\COMPUTER ANIMATION\COMPUTER ANIMATION\BVHPLAYER-FRAMEWORK\VS_FRAMEWORK\DEBUG\SKELETONDIALOG.OBJ
H:\20140305\COURSE\COMPUTER ANIMATION\COMPUTER ANIMATION\BVHPLAYER-FRAMEWORK\VS_FRAMEWORK\DEBUG\SPLINE.OBJ
H:\20140305\COURSE\COMPUTER ANIMATION\COMPUTER ANIMATION\BVHPLAYER-FRAMEWORK\VS_FRAMEWORK\DEBUG\TRANSFORMATION.OBJ
H:\20140305\COURSE\COMPUTER ANIMATION\COMPUTER ANIMATION\BVHPLAYER-FRAMEWORK\VS_FRAMEWORK\DEBUG\VC100.PDB
